#
# A fatal error has been detected by the Java Runtime Environment:
#
#  EXCEPTION_ACCESS_VIOLATION (0xc0000005) at pc=0x00007ff973fe363b, pid=20852, tid=16744
#
# JRE version: OpenJDK Runtime Environment Temurin-17.0.1+12 (17.0.1+12) (build 17.0.1+12)
# Java VM: OpenJDK 64-Bit Server VM Temurin-17.0.1+12 (17.0.1+12, mixed mode, tiered, compressed oops, compressed class ptrs, g1 gc, windows-amd64)
# Problematic frame:
# V  [jvm.dll+0x65363b]
#
# No core dump will be written. Minidumps are not enabled by default on client versions of Windows
#
# If you would like to submit a bug report, please visit:
#   https://github.com/adoptium/adoptium-support/issues
#

---------------  S U M M A R Y ------------

Command Line: -Dfile.encoding=Cp1252 -XX:+ShowCodeDetailsInExceptionMessages exercicio1_aula13.Main

Host: Intel(R) Core(TM) i5-7200U CPU @ 2.50GHz, 4 cores, 7G,  Windows 10 , 64 bit Build 19041 (10.0.19041.1466)
Time: Sun Jan 30 18:31:35 2022 Hora oficial do Brasil elapsed time: 9.630446 seconds (0d 0h 0m 9s)

---------------  T H R E A D  ---------------

Current thread (0x000002445e14ad50):  JavaThread "C2 CompilerThread0" daemon [_thread_in_native, id=16744, stack(0x0000005b55300000,0x0000005b55400000)]


Current CompileTask:
C2:   9630  238       4       exercicio1_aula13.Main::main (1152 bytes)

Stack: [0x0000005b55300000,0x0000005b55400000],  sp=0x0000005b553fa660,  free space=1001k
Native frames: (J=compiled Java code, j=interpreted, Vv=VM code, C=native code)
V  [jvm.dll+0x65363b]
V  [jvm.dll+0x569e2c]
V  [jvm.dll+0x57de70]
V  [jvm.dll+0x57f5f5]
V  [jvm.dll+0x57bce9]
V  [jvm.dll+0x22022d]
V  [jvm.dll+0x2199e1]
V  [jvm.dll+0x217345]
V  [jvm.dll+0x1a355d]
V  [jvm.dll+0x226e38]
V  [jvm.dll+0x224f7c]
V  [jvm.dll+0x7e3f5b]
V  [jvm.dll+0x7de51a]
V  [jvm.dll+0x673305]
C  [ucrtbase.dll+0x21bb2]
C  [KERNEL32.DLL+0x17034]
C  [ntdll.dll+0x52651]


siginfo: EXCEPTION_ACCESS_VIOLATION (0xc0000005), reading address 0x0000000000000020


Register to memory mapping:

RIP=0x00007ff973fe363b jvm.dll
RAX=0x0 is NULL
RBX=0x0 is NULL
RCX=0x0 is NULL
RDX=0x0 is NULL
RSP=0x0000005b553fa660 is pointing into the stack for thread: 0x000002445e14ad50
RBP=0x0 is NULL
RSI=0x0 is NULL
RDI=0x000002445e92e180 points into unknown readable memory: 0x00007ff9742a1960 | 60 19 2a 74 f9 7f 00 00
R8 =0x000002445e92e180 points into unknown readable memory: 0x00007ff9742a1960 | 60 19 2a 74 f9 7f 00 00
R9 =0x000002445e92e1d0 points into unknown readable memory: 0x000002445e92e1e8 | e8 e1 92 5e 44 02 00 00
R10=0xfefefefefefefeff is an unknown value
R11=0x8080808080808080 is an unknown value
R12=0x0000000000000001 is an unknown value
R13=0x000002445e92eb18 points into unknown readable memory: 0x00007ff9742b6a08 | 08 6a 2b 74 f9 7f 00 00
R14=0x0000005b553fab10 is pointing into the stack for thread: 0x000002445e14ad50
R15=0x0 is NULL


Registers:
RAX=0x0000000000000000, RBX=0x0000000000000000, RCX=0x0000000000000000, RDX=0x0000000000000000
RSP=0x0000005b553fa660, RBP=0x0000000000000000, RSI=0x0000000000000000, RDI=0x000002445e92e180
R8 =0x000002445e92e180, R9 =0x000002445e92e1d0, R10=0xfefefefefefefeff, R11=0x8080808080808080
R12=0x0000000000000001, R13=0x000002445e92eb18, R14=0x0000005b553fab10, R15=0x0000000000000000
RIP=0x00007ff973fe363b, EFLAGS=0x0000000000010246

Top of Stack: (sp=0x0000005b553fa660)
0x0000005b553fa660:   000002445e7eb4e8 00007ff973fe1e0c
0x0000005b553fa670:   000002445e92eb18 00007ff973fd20d7
0x0000005b553fa680:   000002445e92e180 00007ff973ef9e2c
0x0000005b553fa690:   0000005b553fa730 000002445e92e110
0x0000005b553fa6a0:   0000005b553fa730 00007ff973ef9ccc
0x0000005b553fa6b0:   0000000000000000 00000000000d0000
0x0000005b553fa6c0:   00000244440ae000 000002445e92f1e8
0x0000005b553fa6d0:   000002445ecea910 00007ff973f0de70
0x0000005b553fa6e0:   0000005b553fab10 0000005b553fa730
0x0000005b553fa6f0:   0000005b553fab10 000002445e92f1e8
0x0000005b553fa700:   000002445e2ae978 00007ff973f0f5f5
0x0000005b553fa710:   0000000000000001 0000000000000000
0x0000005b553fa720:   0000005b553fa890 000002445e99fe60
0x0000005b553fa730:   000002445e13ac20 00007ff900000020
0x0000005b553fa740:   000002445ee26e40 000000000000001e
0x0000005b553fa750:   0000024400000080 000002445ee26c40 

Instructions: (pc=0x00007ff973fe363b)
0x00007ff973fe353b:   f8 75 f6 ff c9 41 89 4a 20 48 8b 14 ca 48 89 10
0x00007ff973fe354b:   41 8b d3 49 8b c9 e9 aa d8 ff ff c3 cc cc cc cc
0x00007ff973fe355b:   cc cc cc cc cc 48 89 5c 24 08 57 48 83 ec 20 65
0x00007ff973fe356b:   48 8b 04 25 58 00 00 00 48 8b d9 8b 15 bc 4b 55
0x00007ff973fe357b:   00 48 8b 3c d0 b8 48 00 00 00 80 3c 38 00 75 05
0x00007ff973fe358b:   e8 4c 61 23 00 b8 18 00 00 00 48 8b 04 38 48 8b
0x00007ff973fe359b:   88 d0 04 00 00 48 8b 81 80 00 00 00 48 3b 98 d0
0x00007ff973fe35ab:   02 00 00 75 15 33 c0 48 89 43 20 48 89 43 10 48
0x00007ff973fe35bb:   8b 5c 24 30 48 83 c4 20 5f c3 48 83 7b 10 00 75
0x00007ff973fe35cb:   08 48 c7 43 10 ff ff ff ff 48 8b 5c 24 30 48 83
0x00007ff973fe35db:   c4 20 5f c3 cc 8b 41 2c 83 e0 1f 3c 14 75 2d 66
0x00007ff973fe35eb:   0f 1f 44 00 00 83 79 18 02 75 21 8b 41 2c 83 e0
0x00007ff973fe35fb:   1f 3c 14 75 17 84 d2 74 06 83 79 40 00 75 0d 48
0x00007ff973fe360b:   8b 41 08 48 8b 48 08 48 85 c9 75 d9 48 8b c1 c3
0x00007ff973fe361b:   cc cc cc cc cc 48 89 5c 24 08 48 89 6c 24 10 48
0x00007ff973fe362b:   89 74 24 18 57 48 83 ec 20 33 ed 48 8b f1 8b dd
0x00007ff973fe363b:   39 59 20 76 2b 48 8b 46 10 8b d3 48 8b 3c d0 48
0x00007ff973fe364b:   8b cf 48 8b 07 ff 50 10 84 c0 74 0d 48 3b fe 74
0x00007ff973fe365b:   08 48 85 ed 75 22 48 8b ef ff c3 3b 5e 20 72 d5
0x00007ff973fe366b:   48 8b c5 48 8b 5c 24 30 48 8b 6c 24 38 48 8b 74
0x00007ff973fe367b:   24 40 48 83 c4 20 5f c3 33 c0 eb e7 cc cc cc cc
0x00007ff973fe368b:   cc cc cc cc cc 44 8b 49 18 33 c0 45 85 c9 74 25
0x00007ff973fe369b:   4c 8b 51 10 90 44 8b c0 49 39 14 c2 74 08 ff c0
0x00007ff973fe36ab:   41 3b c1 72 f0 c3 41 8d 41 ff 89 41 18 49 8b 0c
0x00007ff973fe36bb:   c2 4b 89 0c c2 c3 cc cc cc cc cc cc cc cc cc cc
0x00007ff973fe36cb:   cc cc cc cc cc b8 02 00 00 00 f0 0f c1 05 2b ad
0x00007ff973fe36db:   52 00 83 c0 02 89 01 48 8b 05 17 ad 52 00 48 89
0x00007ff973fe36eb:   41 08 48 8b c1 c3 cc cc cc cc cc cc cc cc cc cc
0x00007ff973fe36fb:   cc cc cc cc cc 40 53 48 83 ec 20 48 8b d9 e8 92
0x00007ff973fe370b:   a1 18 00 33 c9 c7 83 90 02 00 00 ff ff ff ff 48
0x00007ff973fe371b:   8d 05 97 ce 34 00 48 89 8b 80 02 00 00 48 89 03
0x00007ff973fe372b:   48 8d 05 6e cf 34 00 48 89 03 48 8b c3 48 89 8b 


Stack slot to memory mapping:
stack at sp + 0 slots: 0x000002445e7eb4e8 points into unknown readable memory: 0x00007ff9742eaff8 | f8 af 2e 74 f9 7f 00 00
stack at sp + 1 slots: 0x00007ff973fe1e0c jvm.dll
stack at sp + 2 slots: 0x000002445e92eb18 points into unknown readable memory: 0x00007ff9742b6a08 | 08 6a 2b 74 f9 7f 00 00
stack at sp + 3 slots: 0x00007ff973fd20d7 jvm.dll
stack at sp + 4 slots: 0x000002445e92e180 points into unknown readable memory: 0x00007ff9742a1960 | 60 19 2a 74 f9 7f 00 00
stack at sp + 5 slots: 0x00007ff973ef9e2c jvm.dll
stack at sp + 6 slots: 0x0000005b553fa730 is pointing into the stack for thread: 0x000002445e14ad50
stack at sp + 7 slots: 0x000002445e92e110 points into unknown readable memory: 0x00007ff9742a17b8 | b8 17 2a 74 f9 7f 00 00


---------------  P R O C E S S  ---------------

Threads class SMR info:
_java_thread_list=0x000002445e2602e0, length=12, elements={
0x000002444409b1a0, 0x000002445d719f10, 0x000002445d71ad40, 0x000002445d777db0,
0x000002445d778870, 0x000002445d77b330, 0x000002445d77bce0, 0x000002445e14ad50,
0x000002445e14b7f0, 0x000002445e14c9c0, 0x000002445e295f30, 0x000002445e2a7470
}

Java Threads: ( => current thread )
  0x000002444409b1a0 JavaThread "main" [_thread_in_Java, id=20504, stack(0x0000005b54600000,0x0000005b54700000)]
  0x000002445d719f10 JavaThread "Reference Handler" daemon [_thread_blocked, id=20828, stack(0x0000005b54d00000,0x0000005b54e00000)]
  0x000002445d71ad40 JavaThread "Finalizer" daemon [_thread_blocked, id=18540, stack(0x0000005b54e00000,0x0000005b54f00000)]
  0x000002445d777db0 JavaThread "Signal Dispatcher" daemon [_thread_blocked, id=7288, stack(0x0000005b54f00000,0x0000005b55000000)]
  0x000002445d778870 JavaThread "Attach Listener" daemon [_thread_blocked, id=21336, stack(0x0000005b55000000,0x0000005b55100000)]
  0x000002445d77b330 JavaThread "Service Thread" daemon [_thread_blocked, id=5028, stack(0x0000005b55100000,0x0000005b55200000)]
  0x000002445d77bce0 JavaThread "Monitor Deflation Thread" daemon [_thread_blocked, id=20228, stack(0x0000005b55200000,0x0000005b55300000)]
=>0x000002445e14ad50 JavaThread "C2 CompilerThread0" daemon [_thread_in_native, id=16744, stack(0x0000005b55300000,0x0000005b55400000)]
  0x000002445e14b7f0 JavaThread "C1 CompilerThread0" daemon [_thread_blocked, id=22476, stack(0x0000005b55400000,0x0000005b55500000)]
  0x000002445e14c9c0 JavaThread "Sweeper thread" daemon [_thread_blocked, id=21500, stack(0x0000005b55500000,0x0000005b55600000)]
  0x000002445e295f30 JavaThread "Notification Thread" daemon [_thread_blocked, id=5368, stack(0x0000005b55600000,0x0000005b55700000)]
  0x000002445e2a7470 JavaThread "Common-Cleaner" daemon [_thread_blocked, id=19712, stack(0x0000005b55800000,0x0000005b55900000)]

Other Threads:
  0x000002445d712f30 VMThread "VM Thread" [stack: 0x0000005b54c00000,0x0000005b54d00000] [id=22300]
  0x000002445d6bef00 WatcherThread [stack: 0x0000005b55700000,0x0000005b55800000] [id=18332]
  0x00000244440dd090 GCTaskThread "GC Thread#0" [stack: 0x0000005b54700000,0x0000005b54800000] [id=16108]
  0x00000244440ef260 ConcurrentGCThread "G1 Main Marker" [stack: 0x0000005b54800000,0x0000005b54900000] [id=20916]
  0x00000244440efb10 ConcurrentGCThread "G1 Conc#0" [stack: 0x0000005b54900000,0x0000005b54a00000] [id=12960]
  0x000002444416b3a0 ConcurrentGCThread "G1 Refine#0" [stack: 0x0000005b54a00000,0x0000005b54b00000] [id=108]
  0x000002444416bc60 ConcurrentGCThread "G1 Service" [stack: 0x0000005b54b00000,0x0000005b54c00000] [id=18516]

Threads with active compile tasks:
C2 CompilerThread0     9676  238       4       exercicio1_aula13.Main::main (1152 bytes)

VM state: not at safepoint (normal execution)

VM Mutex/Monitor currently owned by a thread: None

Heap address: 0x0000000081e00000, size: 2018 MB, Compressed Oops mode: 32-bit

CDS archive(s) not mapped
Compressed class space mapped at: 0x0000000100000000-0x0000000140000000, reserved size: 1073741824
Narrow klass base: 0x0000000000000000, Narrow klass shift: 3, Narrow klass range: 0x140000000

GC Precious Log:
 CPUs: 4 total, 4 available
 Memory: 8070M
 Large Page Support: Disabled
 NUMA Support: Disabled
 Compressed Oops: Enabled (32-bit)
 Heap Region Size: 1M
 Heap Min Capacity: 8M
 Heap Initial Capacity: 128M
 Heap Max Capacity: 2018M
 Pre-touch: Disabled
 Parallel Workers: 4
 Concurrent Workers: 1
 Concurrent Refinement Workers: 4
 Periodic GC: Disabled

Heap:
 garbage-first heap   total 131072K, used 2048K [0x0000000081e00000, 0x0000000100000000)
  region size 1024K, 3 young (3072K), 0 survivors (0K)
 Metaspace       used 6929K, committed 7168K, reserved 1056768K
  class space    used 584K, committed 704K, reserved 1048576K

Heap Regions: E=young(eden), S=young(survivor), O=old, HS=humongous(starts), HC=humongous(continues), CS=collection set, F=free, OA=open archive, CA=closed archive, TAMS=top-at-mark-start (previous, next)
|   0|0x0000000081e00000, 0x0000000081e00000, 0x0000000081f00000|  0%| F|  |TAMS 0x0000000081e00000, 0x0000000081e00000| Untracked 
|   1|0x0000000081f00000, 0x0000000081f00000, 0x0000000082000000|  0%| F|  |TAMS 0x0000000081f00000, 0x0000000081f00000| Untracked 
|   2|0x0000000082000000, 0x0000000082000000, 0x0000000082100000|  0%| F|  |TAMS 0x0000000082000000, 0x0000000082000000| Untracked 
|   3|0x0000000082100000, 0x0000000082100000, 0x0000000082200000|  0%| F|  |TAMS 0x0000000082100000, 0x0000000082100000| Untracked 
|   4|0x0000000082200000, 0x0000000082200000, 0x0000000082300000|  0%| F|  |TAMS 0x0000000082200000, 0x0000000082200000| Untracked 
|   5|0x0000000082300000, 0x0000000082300000, 0x0000000082400000|  0%| F|  |TAMS 0x0000000082300000, 0x0000000082300000| Untracked 
|   6|0x0000000082400000, 0x0000000082400000, 0x0000000082500000|  0%| F|  |TAMS 0x0000000082400000, 0x0000000082400000| Untracked 
|   7|0x0000000082500000, 0x0000000082500000, 0x0000000082600000|  0%| F|  |TAMS 0x0000000082500000, 0x0000000082500000| Untracked 
|   8|0x0000000082600000, 0x0000000082600000, 0x0000000082700000|  0%| F|  |TAMS 0x0000000082600000, 0x0000000082600000| Untracked 
|   9|0x0000000082700000, 0x0000000082700000, 0x0000000082800000|  0%| F|  |TAMS 0x0000000082700000, 0x0000000082700000| Untracked 
|  10|0x0000000082800000, 0x0000000082800000, 0x0000000082900000|  0%| F|  |TAMS 0x0000000082800000, 0x0000000082800000| Untracked 
|  11|0x0000000082900000, 0x0000000082900000, 0x0000000082a00000|  0%| F|  |TAMS 0x0000000082900000, 0x0000000082900000| Untracked 
|  12|0x0000000082a00000, 0x0000000082a00000, 0x0000000082b00000|  0%| F|  |TAMS 0x0000000082a00000, 0x0000000082a00000| Untracked 
|  13|0x0000000082b00000, 0x0000000082b00000, 0x0000000082c00000|  0%| F|  |TAMS 0x0000000082b00000, 0x0000000082b00000| Untracked 
|  14|0x0000000082c00000, 0x0000000082c00000, 0x0000000082d00000|  0%| F|  |TAMS 0x0000000082c00000, 0x0000000082c00000| Untracked 
|  15|0x0000000082d00000, 0x0000000082d00000, 0x0000000082e00000|  0%| F|  |TAMS 0x0000000082d00000, 0x0000000082d00000| Untracked 
|  16|0x0000000082e00000, 0x0000000082e00000, 0x0000000082f00000|  0%| F|  |TAMS 0x0000000082e00000, 0x0000000082e00000| Untracked 
|  17|0x0000000082f00000, 0x0000000082f00000, 0x0000000083000000|  0%| F|  |TAMS 0x0000000082f00000, 0x0000000082f00000| Untracked 
|  18|0x0000000083000000, 0x0000000083000000, 0x0000000083100000|  0%| F|  |TAMS 0x0000000083000000, 0x0000000083000000| Untracked 
|  19|0x0000000083100000, 0x0000000083100000, 0x0000000083200000|  0%| F|  |TAMS 0x0000000083100000, 0x0000000083100000| Untracked 
|  20|0x0000000083200000, 0x0000000083200000, 0x0000000083300000|  0%| F|  |TAMS 0x0000000083200000, 0x0000000083200000| Untracked 
|  21|0x0000000083300000, 0x0000000083300000, 0x0000000083400000|  0%| F|  |TAMS 0x0000000083300000, 0x0000000083300000| Untracked 
|  22|0x0000000083400000, 0x0000000083400000, 0x0000000083500000|  0%| F|  |TAMS 0x0000000083400000, 0x0000000083400000| Untracked 
|  23|0x0000000083500000, 0x0000000083500000, 0x0000000083600000|  0%| F|  |TAMS 0x0000000083500000, 0x0000000083500000| Untracked 
|  24|0x0000000083600000, 0x0000000083600000, 0x0000000083700000|  0%| F|  |TAMS 0x0000000083600000, 0x0000000083600000| Untracked 
|  25|0x0000000083700000, 0x0000000083700000, 0x0000000083800000|  0%| F|  |TAMS 0x0000000083700000, 0x0000000083700000| Untracked 
|  26|0x0000000083800000, 0x0000000083800000, 0x0000000083900000|  0%| F|  |TAMS 0x0000000083800000, 0x0000000083800000| Untracked 
|  27|0x0000000083900000, 0x0000000083900000, 0x0000000083a00000|  0%| F|  |TAMS 0x0000000083900000, 0x0000000083900000| Untracked 
|  28|0x0000000083a00000, 0x0000000083a00000, 0x0000000083b00000|  0%| F|  |TAMS 0x0000000083a00000, 0x0000000083a00000| Untracked 
|  29|0x0000000083b00000, 0x0000000083b00000, 0x0000000083c00000|  0%| F|  |TAMS 0x0000000083b00000, 0x0000000083b00000| Untracked 
|  30|0x0000000083c00000, 0x0000000083c00000, 0x0000000083d00000|  0%| F|  |TAMS 0x0000000083c00000, 0x0000000083c00000| Untracked 
|  31|0x0000000083d00000, 0x0000000083d00000, 0x0000000083e00000|  0%| F|  |TAMS 0x0000000083d00000, 0x0000000083d00000| Untracked 
|  32|0x0000000083e00000, 0x0000000083e00000, 0x0000000083f00000|  0%| F|  |TAMS 0x0000000083e00000, 0x0000000083e00000| Untracked 
|  33|0x0000000083f00000, 0x0000000083f00000, 0x0000000084000000|  0%| F|  |TAMS 0x0000000083f00000, 0x0000000083f00000| Untracked 
|  34|0x0000000084000000, 0x0000000084000000, 0x0000000084100000|  0%| F|  |TAMS 0x0000000084000000, 0x0000000084000000| Untracked 
|  35|0x0000000084100000, 0x0000000084100000, 0x0000000084200000|  0%| F|  |TAMS 0x0000000084100000, 0x0000000084100000| Untracked 
|  36|0x0000000084200000, 0x0000000084200000, 0x0000000084300000|  0%| F|  |TAMS 0x0000000084200000, 0x0000000084200000| Untracked 
|  37|0x0000000084300000, 0x0000000084300000, 0x0000000084400000|  0%| F|  |TAMS 0x0000000084300000, 0x0000000084300000| Untracked 
|  38|0x0000000084400000, 0x0000000084400000, 0x0000000084500000|  0%| F|  |TAMS 0x0000000084400000, 0x0000000084400000| Untracked 
|  39|0x0000000084500000, 0x0000000084500000, 0x0000000084600000|  0%| F|  |TAMS 0x0000000084500000, 0x0000000084500000| Untracked 
|  40|0x0000000084600000, 0x0000000084600000, 0x0000000084700000|  0%| F|  |TAMS 0x0000000084600000, 0x0000000084600000| Untracked 
|  41|0x0000000084700000, 0x0000000084700000, 0x0000000084800000|  0%| F|  |TAMS 0x0000000084700000, 0x0000000084700000| Untracked 
|  42|0x0000000084800000, 0x0000000084800000, 0x0000000084900000|  0%| F|  |TAMS 0x0000000084800000, 0x0000000084800000| Untracked 
|  43|0x0000000084900000, 0x0000000084900000, 0x0000000084a00000|  0%| F|  |TAMS 0x0000000084900000, 0x0000000084900000| Untracked 
|  44|0x0000000084a00000, 0x0000000084a00000, 0x0000000084b00000|  0%| F|  |TAMS 0x0000000084a00000, 0x0000000084a00000| Untracked 
|  45|0x0000000084b00000, 0x0000000084b00000, 0x0000000084c00000|  0%| F|  |TAMS 0x0000000084b00000, 0x0000000084b00000| Untracked 
|  46|0x0000000084c00000, 0x0000000084c00000, 0x0000000084d00000|  0%| F|  |TAMS 0x0000000084c00000, 0x0000000084c00000| Untracked 
|  47|0x0000000084d00000, 0x0000000084d00000, 0x0000000084e00000|  0%| F|  |TAMS 0x0000000084d00000, 0x0000000084d00000| Untracked 
|  48|0x0000000084e00000, 0x0000000084e00000, 0x0000000084f00000|  0%| F|  |TAMS 0x0000000084e00000, 0x0000000084e00000| Untracked 
|  49|0x0000000084f00000, 0x0000000084f00000, 0x0000000085000000|  0%| F|  |TAMS 0x0000000084f00000, 0x0000000084f00000| Untracked 
|  50|0x0000000085000000, 0x0000000085000000, 0x0000000085100000|  0%| F|  |TAMS 0x0000000085000000, 0x0000000085000000| Untracked 
|  51|0x0000000085100000, 0x0000000085100000, 0x0000000085200000|  0%| F|  |TAMS 0x0000000085100000, 0x0000000085100000| Untracked 
|  52|0x0000000085200000, 0x0000000085200000, 0x0000000085300000|  0%| F|  |TAMS 0x0000000085200000, 0x0000000085200000| Untracked 
|  53|0x0000000085300000, 0x0000000085300000, 0x0000000085400000|  0%| F|  |TAMS 0x0000000085300000, 0x0000000085300000| Untracked 
|  54|0x0000000085400000, 0x0000000085400000, 0x0000000085500000|  0%| F|  |TAMS 0x0000000085400000, 0x0000000085400000| Untracked 
|  55|0x0000000085500000, 0x0000000085500000, 0x0000000085600000|  0%| F|  |TAMS 0x0000000085500000, 0x0000000085500000| Untracked 
|  56|0x0000000085600000, 0x0000000085600000, 0x0000000085700000|  0%| F|  |TAMS 0x0000000085600000, 0x0000000085600000| Untracked 
|  57|0x0000000085700000, 0x0000000085700000, 0x0000000085800000|  0%| F|  |TAMS 0x0000000085700000, 0x0000000085700000| Untracked 
|  58|0x0000000085800000, 0x0000000085800000, 0x0000000085900000|  0%| F|  |TAMS 0x0000000085800000, 0x0000000085800000| Untracked 
|  59|0x0000000085900000, 0x0000000085900000, 0x0000000085a00000|  0%| F|  |TAMS 0x0000000085900000, 0x0000000085900000| Untracked 
|  60|0x0000000085a00000, 0x0000000085a00000, 0x0000000085b00000|  0%| F|  |TAMS 0x0000000085a00000, 0x0000000085a00000| Untracked 
|  61|0x0000000085b00000, 0x0000000085b00000, 0x0000000085c00000|  0%| F|  |TAMS 0x0000000085b00000, 0x0000000085b00000| Untracked 
|  62|0x0000000085c00000, 0x0000000085c00000, 0x0000000085d00000|  0%| F|  |TAMS 0x0000000085c00000, 0x0000000085c00000| Untracked 
|  63|0x0000000085d00000, 0x0000000085d00000, 0x0000000085e00000|  0%| F|  |TAMS 0x0000000085d00000, 0x0000000085d00000| Untracked 
|  64|0x0000000085e00000, 0x0000000085e00000, 0x0000000085f00000|  0%| F|  |TAMS 0x0000000085e00000, 0x0000000085e00000| Untracked 
|  65|0x0000000085f00000, 0x0000000085f00000, 0x0000000086000000|  0%| F|  |TAMS 0x0000000085f00000, 0x0000000085f00000| Untracked 
|  66|0x0000000086000000, 0x0000000086000000, 0x0000000086100000|  0%| F|  |TAMS 0x0000000086000000, 0x0000000086000000| Untracked 
|  67|0x0000000086100000, 0x0000000086100000, 0x0000000086200000|  0%| F|  |TAMS 0x0000000086100000, 0x0000000086100000| Untracked 
|  68|0x0000000086200000, 0x0000000086200000, 0x0000000086300000|  0%| F|  |TAMS 0x0000000086200000, 0x0000000086200000| Untracked 
|  69|0x0000000086300000, 0x0000000086300000, 0x0000000086400000|  0%| F|  |TAMS 0x0000000086300000, 0x0000000086300000| Untracked 
|  70|0x0000000086400000, 0x0000000086400000, 0x0000000086500000|  0%| F|  |TAMS 0x0000000086400000, 0x0000000086400000| Untracked 
|  71|0x0000000086500000, 0x0000000086500000, 0x0000000086600000|  0%| F|  |TAMS 0x0000000086500000, 0x0000000086500000| Untracked 
|  72|0x0000000086600000, 0x0000000086600000, 0x0000000086700000|  0%| F|  |TAMS 0x0000000086600000, 0x0000000086600000| Untracked 
|  73|0x0000000086700000, 0x0000000086700000, 0x0000000086800000|  0%| F|  |TAMS 0x0000000086700000, 0x0000000086700000| Untracked 
|  74|0x0000000086800000, 0x0000000086800000, 0x0000000086900000|  0%| F|  |TAMS 0x0000000086800000, 0x0000000086800000| Untracked 
|  75|0x0000000086900000, 0x0000000086900000, 0x0000000086a00000|  0%| F|  |TAMS 0x0000000086900000, 0x0000000086900000| Untracked 
|  76|0x0000000086a00000, 0x0000000086a00000, 0x0000000086b00000|  0%| F|  |TAMS 0x0000000086a00000, 0x0000000086a00000| Untracked 
|  77|0x0000000086b00000, 0x0000000086b00000, 0x0000000086c00000|  0%| F|  |TAMS 0x0000000086b00000, 0x0000000086b00000| Untracked 
|  78|0x0000000086c00000, 0x0000000086c00000, 0x0000000086d00000|  0%| F|  |TAMS 0x0000000086c00000, 0x0000000086c00000| Untracked 
|  79|0x0000000086d00000, 0x0000000086d00000, 0x0000000086e00000|  0%| F|  |TAMS 0x0000000086d00000, 0x0000000086d00000| Untracked 
|  80|0x0000000086e00000, 0x0000000086e00000, 0x0000000086f00000|  0%| F|  |TAMS 0x0000000086e00000, 0x0000000086e00000| Untracked 
|  81|0x0000000086f00000, 0x0000000086f00000, 0x0000000087000000|  0%| F|  |TAMS 0x0000000086f00000, 0x0000000086f00000| Untracked 
|  82|0x0000000087000000, 0x0000000087000000, 0x0000000087100000|  0%| F|  |TAMS 0x0000000087000000, 0x0000000087000000| Untracked 
|  83|0x0000000087100000, 0x0000000087100000, 0x0000000087200000|  0%| F|  |TAMS 0x0000000087100000, 0x0000000087100000| Untracked 
|  84|0x0000000087200000, 0x0000000087200000, 0x0000000087300000|  0%| F|  |TAMS 0x0000000087200000, 0x0000000087200000| Untracked 
|  85|0x0000000087300000, 0x0000000087300000, 0x0000000087400000|  0%| F|  |TAMS 0x0000000087300000, 0x0000000087300000| Untracked 
|  86|0x0000000087400000, 0x0000000087400000, 0x0000000087500000|  0%| F|  |TAMS 0x0000000087400000, 0x0000000087400000| Untracked 
|  87|0x0000000087500000, 0x0000000087500000, 0x0000000087600000|  0%| F|  |TAMS 0x0000000087500000, 0x0000000087500000| Untracked 
|  88|0x0000000087600000, 0x0000000087600000, 0x0000000087700000|  0%| F|  |TAMS 0x0000000087600000, 0x0000000087600000| Untracked 
|  89|0x0000000087700000, 0x0000000087700000, 0x0000000087800000|  0%| F|  |TAMS 0x0000000087700000, 0x0000000087700000| Untracked 
|  90|0x0000000087800000, 0x0000000087800000, 0x0000000087900000|  0%| F|  |TAMS 0x0000000087800000, 0x0000000087800000| Untracked 
|  91|0x0000000087900000, 0x0000000087900000, 0x0000000087a00000|  0%| F|  |TAMS 0x0000000087900000, 0x0000000087900000| Untracked 
|  92|0x0000000087a00000, 0x0000000087a00000, 0x0000000087b00000|  0%| F|  |TAMS 0x0000000087a00000, 0x0000000087a00000| Untracked 
|  93|0x0000000087b00000, 0x0000000087b00000, 0x0000000087c00000|  0%| F|  |TAMS 0x0000000087b00000, 0x0000000087b00000| Untracked 
|  94|0x0000000087c00000, 0x0000000087c00000, 0x0000000087d00000|  0%| F|  |TAMS 0x0000000087c00000, 0x0000000087c00000| Untracked 
|  95|0x0000000087d00000, 0x0000000087d00000, 0x0000000087e00000|  0%| F|  |TAMS 0x0000000087d00000, 0x0000000087d00000| Untracked 
|  96|0x0000000087e00000, 0x0000000087e00000, 0x0000000087f00000|  0%| F|  |TAMS 0x0000000087e00000, 0x0000000087e00000| Untracked 
|  97|0x0000000087f00000, 0x0000000087f00000, 0x0000000088000000|  0%| F|  |TAMS 0x0000000087f00000, 0x0000000087f00000| Untracked 
|  98|0x0000000088000000, 0x0000000088000000, 0x0000000088100000|  0%| F|  |TAMS 0x0000000088000000, 0x0000000088000000| Untracked 
|  99|0x0000000088100000, 0x0000000088100000, 0x0000000088200000|  0%| F|  |TAMS 0x0000000088100000, 0x0000000088100000| Untracked 
| 100|0x0000000088200000, 0x0000000088200000, 0x0000000088300000|  0%| F|  |TAMS 0x0000000088200000, 0x0000000088200000| Untracked 
| 101|0x0000000088300000, 0x0000000088300000, 0x0000000088400000|  0%| F|  |TAMS 0x0000000088300000, 0x0000000088300000| Untracked 
| 102|0x0000000088400000, 0x0000000088400000, 0x0000000088500000|  0%| F|  |TAMS 0x0000000088400000, 0x0000000088400000| Untracked 
| 103|0x0000000088500000, 0x0000000088500000, 0x0000000088600000|  0%| F|  |TAMS 0x0000000088500000, 0x0000000088500000| Untracked 
| 104|0x0000000088600000, 0x0000000088600000, 0x0000000088700000|  0%| F|  |TAMS 0x0000000088600000, 0x0000000088600000| Untracked 
| 105|0x0000000088700000, 0x0000000088700000, 0x0000000088800000|  0%| F|  |TAMS 0x0000000088700000, 0x0000000088700000| Untracked 
| 106|0x0000000088800000, 0x0000000088800000, 0x0000000088900000|  0%| F|  |TAMS 0x0000000088800000, 0x0000000088800000| Untracked 
| 107|0x0000000088900000, 0x0000000088900000, 0x0000000088a00000|  0%| F|  |TAMS 0x0000000088900000, 0x0000000088900000| Untracked 
| 108|0x0000000088a00000, 0x0000000088a00000, 0x0000000088b00000|  0%| F|  |TAMS 0x0000000088a00000, 0x0000000088a00000| Untracked 
| 109|0x0000000088b00000, 0x0000000088b00000, 0x0000000088c00000|  0%| F|  |TAMS 0x0000000088b00000, 0x0000000088b00000| Untracked 
| 110|0x0000000088c00000, 0x0000000088c00000, 0x0000000088d00000|  0%| F|  |TAMS 0x0000000088c00000, 0x0000000088c00000| Untracked 
| 111|0x0000000088d00000, 0x0000000088d00000, 0x0000000088e00000|  0%| F|  |TAMS 0x0000000088d00000, 0x0000000088d00000| Untracked 
| 112|0x0000000088e00000, 0x0000000088e00000, 0x0000000088f00000|  0%| F|  |TAMS 0x0000000088e00000, 0x0000000088e00000| Untracked 
| 113|0x0000000088f00000, 0x0000000088f00000, 0x0000000089000000|  0%| F|  |TAMS 0x0000000088f00000, 0x0000000088f00000| Untracked 
| 114|0x0000000089000000, 0x0000000089000000, 0x0000000089100000|  0%| F|  |TAMS 0x0000000089000000, 0x0000000089000000| Untracked 
| 115|0x0000000089100000, 0x0000000089100000, 0x0000000089200000|  0%| F|  |TAMS 0x0000000089100000, 0x0000000089100000| Untracked 
| 116|0x0000000089200000, 0x0000000089200000, 0x0000000089300000|  0%| F|  |TAMS 0x0000000089200000, 0x0000000089200000| Untracked 
| 117|0x0000000089300000, 0x0000000089300000, 0x0000000089400000|  0%| F|  |TAMS 0x0000000089300000, 0x0000000089300000| Untracked 
| 118|0x0000000089400000, 0x0000000089400000, 0x0000000089500000|  0%| F|  |TAMS 0x0000000089400000, 0x0000000089400000| Untracked 
| 119|0x0000000089500000, 0x0000000089500000, 0x0000000089600000|  0%| F|  |TAMS 0x0000000089500000, 0x0000000089500000| Untracked 
| 120|0x0000000089600000, 0x0000000089600000, 0x0000000089700000|  0%| F|  |TAMS 0x0000000089600000, 0x0000000089600000| Untracked 
| 121|0x0000000089700000, 0x0000000089700000, 0x0000000089800000|  0%| F|  |TAMS 0x0000000089700000, 0x0000000089700000| Untracked 
| 122|0x0000000089800000, 0x0000000089800000, 0x0000000089900000|  0%| F|  |TAMS 0x0000000089800000, 0x0000000089800000| Untracked 
| 123|0x0000000089900000, 0x0000000089900000, 0x0000000089a00000|  0%| F|  |TAMS 0x0000000089900000, 0x0000000089900000| Untracked 
| 124|0x0000000089a00000, 0x0000000089a00000, 0x0000000089b00000|  0%| F|  |TAMS 0x0000000089a00000, 0x0000000089a00000| Untracked 
| 125|0x0000000089b00000, 0x0000000089bc9318, 0x0000000089c00000| 78%| E|  |TAMS 0x0000000089b00000, 0x0000000089b00000| Complete 
| 126|0x0000000089c00000, 0x0000000089d00000, 0x0000000089d00000|100%| E|CS|TAMS 0x0000000089c00000, 0x0000000089c00000| Complete 
| 127|0x0000000089d00000, 0x0000000089e00000, 0x0000000089e00000|100%| E|CS|TAMS 0x0000000089d00000, 0x0000000089d00000| Complete 

Card table byte_map: [0x0000024456b50000,0x0000024456f50000] _byte_map_base: 0x0000024456741000

Marking Bits (Prev, Next): (CMBitMap*) 0x00000244440de550, (CMBitMap*) 0x00000244440de590
 Prev Bits: [0x0000024457350000, 0x00000244592d8000)
 Next Bits: [0x00000244592e0000, 0x000002445b268000)

Polling page: 0x0000024443880000

Metaspace:

Usage:
  Non-class:      6.20 MB used.
      Class:    584.37 KB used.
       Both:      6.77 MB used.

Virtual space:
  Non-class space:        8.00 MB reserved,       6.31 MB ( 79%) committed,  1 nodes.
      Class space:        1.00 GB reserved,     704.00 KB ( <1%) committed,  1 nodes.
             Both:        1.01 GB reserved,       7.00 MB ( <1%) committed. 

Chunk freelists:
   Non-Class:  1008.00 KB
       Class:  3.24 MB
        Both:  4.23 MB

MaxMetaspaceSize: unlimited
CompressedClassSpaceSize: 1.00 GB
Initial GC threshold: 21.00 MB
Current GC threshold: 21.00 MB
CDS: off
MetaspaceReclaimPolicy: balanced
 - commit_granule_bytes: 65536.
 - commit_granule_words: 8192.
 - virtual_space_node_default_size: 1048576.
 - enlarge_chunks_in_place: 1.
 - new_chunks_are_fully_committed: 0.
 - uncommit_free_chunks: 1.
 - use_allocation_guard: 0.
 - handle_deallocations: 1.


Internal statistics:

num_allocs_failed_limit: 0.
num_arena_births: 8.
num_arena_deaths: 0.
num_vsnodes_births: 2.
num_vsnodes_deaths: 0.
num_space_committed: 112.
num_space_uncommitted: 0.
num_chunks_returned_to_freelist: 0.
num_chunks_taken_from_freelist: 32.
num_chunk_merges: 0.
num_chunk_splits: 12.
num_chunks_enlarged: 6.
num_purges: 0.
num_inconsistent_stats: 0.

CodeHeap 'non-profiled nmethods': size=120000Kb used=68Kb max_used=68Kb free=119931Kb
 bounds [0x000002444f220000, 0x000002444f490000, 0x0000024456750000]
CodeHeap 'profiled nmethods': size=120000Kb used=354Kb max_used=354Kb free=119645Kb
 bounds [0x0000024447cf0000, 0x0000024447f60000, 0x000002444f220000]
CodeHeap 'non-nmethods': size=5760Kb used=1103Kb max_used=1118Kb free=4656Kb
 bounds [0x0000024447750000, 0x00000244479c0000, 0x0000024447cf0000]
 total_blobs=615 nmethods=237 adapters=291
 compilation: enabled
              stopped_count=0, restarted_count=0
 full_count=0

Compilation events (20 events):
Event: 0.711 Thread 0x000002445e14ad50 nmethod 228 0x000002444f22f490 code [0x000002444f22f620, 0x000002444f22fbe8]
Event: 0.711 Thread 0x000002445e14ad50  229       4       java.lang.AbstractStringBuilder::append (77 bytes)
Event: 0.715 Thread 0x000002445e14ad50 nmethod 229 0x000002444f22fe90 code [0x000002444f230020, 0x000002444f2305c8]
Event: 4.036 Thread 0x000002445e14b7f0  230       1       java.nio.Buffer::limit (5 bytes)
Event: 4.036 Thread 0x000002445e14b7f0 nmethod 230 0x000002444f230890 code [0x000002444f230a20, 0x000002444f230af8]
Event: 5.691 Thread 0x000002445e14b7f0  231       1       java.nio.Buffer::position (5 bytes)
Event: 5.691 Thread 0x000002445e14b7f0 nmethod 231 0x000002444f230b90 code [0x000002444f230d20, 0x000002444f230df8]
Event: 8.525 Thread 0x000002445e14b7f0  232       3       java.io.BufferedWriter::ensureOpen (18 bytes)
Event: 8.525 Thread 0x000002445e14b7f0 nmethod 232 0x0000024447d3b090 code [0x0000024447d3b240, 0x0000024447d3b408]
Event: 8.525 Thread 0x000002445e14b7f0  233       3       java.lang.String::getChars (54 bytes)
Event: 8.525 Thread 0x000002445e14b7f0 nmethod 233 0x0000024447d3b510 code [0x0000024447d3b700, 0x0000024447d3bb78]
Event: 8.525 Thread 0x000002445e14b7f0  234       3       java.lang.StringLatin1::getChars (12 bytes)
Event: 8.526 Thread 0x000002445e14b7f0 nmethod 234 0x0000024447d3bd90 code [0x0000024447d3bf20, 0x0000024447d3c048]
Event: 8.526 Thread 0x000002445e14b7f0  235       3       java.io.Writer::write (11 bytes)
Event: 8.526 Thread 0x000002445e14b7f0 nmethod 235 0x0000024447d3c110 code [0x0000024447d3c2c0, 0x0000024447d3c588]
Event: 8.526 Thread 0x000002445e14b7f0  236 %     3       exercicio1_aula13.Main::main @ 698 (1152 bytes)
Event: 8.535 Thread 0x000002445e14b7f0 nmethod 236% 0x0000024447d3c710 code [0x0000024447d3d5e0, 0x0000024447d45778]
Event: 8.535 Thread 0x000002445e14ad50  237 %     4       exercicio1_aula13.Main::main @ 698 (1152 bytes)
Event: 8.538 Thread 0x000002445e14ad50 nmethod 237% 0x000002444f230e90 code [0x000002444f231020, 0x000002444f231218]
Event: 8.538 Thread 0x000002445e14ad50  238       4       exercicio1_aula13.Main::main (1152 bytes)

GC Heap History (0 events):
No events

Deoptimization events (2 events):
Event: 8.538 Thread 0x000002444409b1a0 DEOPT PACKING pc=0x0000024447d448a9 sp=0x0000005b546ff3f0
Event: 8.538 Thread 0x000002444409b1a0 DEOPT UNPACKING pc=0x00000244477a2b43 sp=0x0000005b546fea50 mode 0

Classes unloaded (0 events):
No events

Classes redefined (0 events):
No events

Internal exceptions (0 events):
No events

VM Operations (8 events):
Event: 0.697 Executing VM operation: HandshakeAllThreads
Event: 0.697 Executing VM operation: HandshakeAllThreads done
Event: 1.711 Executing VM operation: Cleanup
Event: 1.711 Executing VM operation: Cleanup done
Event: 4.737 Executing VM operation: Cleanup
Event: 4.737 Executing VM operation: Cleanup done
Event: 5.747 Executing VM operation: Cleanup
Event: 5.748 Executing VM operation: Cleanup done

Events (20 events):
Event: 0.693 loading class sun/util/resources/cldr/TimeZoneNames
Event: 0.693 loading class sun/util/resources/TimeZoneNamesBundle
Event: 0.693 loading class sun/util/resources/OpenListResourceBundle
Event: 0.693 loading class sun/util/resources/OpenListResourceBundle done
Event: 0.693 loading class sun/util/resources/TimeZoneNamesBundle done
Event: 0.693 loading class sun/util/resources/cldr/TimeZoneNames done
Event: 0.693 loading class sun/util/resources/cldr/TimeZoneNames_en
Event: 0.695 loading class sun/util/resources/cldr/TimeZoneNames_en done
Event: 0.696 loading class sun/util/resources/cldr/TimeZoneNames_en_US
Event: 0.696 loading class sun/util/resources/cldr/TimeZoneNames_en_US done
Event: 0.696 loading class java/util/LinkedHashMap
Event: 0.697 loading class java/util/LinkedHashMap done
Event: 0.697 loading class java/util/LinkedHashMap$LinkedKeySet
Event: 0.697 loading class java/util/LinkedHashMap$LinkedKeySet done
Event: 0.698 loading class sun/util/resources/TimeZoneNames
Event: 0.698 loading class sun/util/resources/TimeZoneNames done
Event: 0.699 loading class sun/util/resources/TimeZoneNames_en
Event: 0.699 loading class sun/util/resources/TimeZoneNames_en done
Event: 4.035 loading class java/util/regex/Pattern$1
Event: 4.035 loading class java/util/regex/Pattern$1 done


Dynamic libraries:
0x00007ff771c00000 - 0x00007ff771c0e000 	C:\Users\Wagner\Documents\sts-4.13.0.RELEASE\plugins\org.eclipse.justj.openjdk.hotspot.jre.full.win32.x86_64_17.0.1.v20211116-1657\jre\bin\javaw.exe
0x00007ff9fdcd0000 - 0x00007ff9fdec5000 	C:\WINDOWS\SYSTEM32\ntdll.dll
0x00007ff9fc060000 - 0x00007ff9fc11e000 	C:\WINDOWS\System32\KERNEL32.DLL
0x00007ff9fb570000 - 0x00007ff9fb838000 	C:\WINDOWS\System32\KERNELBASE.dll
0x00007ff9fb890000 - 0x00007ff9fb990000 	C:\WINDOWS\System32\ucrtbase.dll
0x00007ff9e8820000 - 0x00007ff9e8838000 	C:\Users\Wagner\Documents\sts-4.13.0.RELEASE\plugins\org.eclipse.justj.openjdk.hotspot.jre.full.win32.x86_64_17.0.1.v20211116-1657\jre\bin\jli.dll
0x00007ff9cc400000 - 0x00007ff9cc419000 	C:\Users\Wagner\Documents\sts-4.13.0.RELEASE\plugins\org.eclipse.justj.openjdk.hotspot.jre.full.win32.x86_64_17.0.1.v20211116-1657\jre\bin\VCRUNTIME140.dll
0x00007ff9fd050000 - 0x00007ff9fd1f1000 	C:\WINDOWS\System32\USER32.dll
0x00007ff9fb540000 - 0x00007ff9fb562000 	C:\WINDOWS\System32\win32u.dll
0x00007ff9fbdd0000 - 0x00007ff9fbdfb000 	C:\WINDOWS\System32\GDI32.dll
0x00007ff9fb9f0000 - 0x00007ff9fbafd000 	C:\WINDOWS\System32\gdi32full.dll
0x00007ff9edd40000 - 0x00007ff9edfda000 	C:\WINDOWS\WinSxS\amd64_microsoft.windows.common-controls_6595b64144ccf1df_6.0.19041.1110_none_60b5254171f9507e\COMCTL32.dll
0x00007ff9fb470000 - 0x00007ff9fb50d000 	C:\WINDOWS\System32\msvcp_win.dll
0x00007ff9fd990000 - 0x00007ff9fda2e000 	C:\WINDOWS\System32\msvcrt.dll
0x00007ff9fd2b0000 - 0x00007ff9fd2e0000 	C:\WINDOWS\System32\IMM32.DLL
0x00007ff9e5dd0000 - 0x00007ff9e5ddc000 	C:\Users\Wagner\Documents\sts-4.13.0.RELEASE\plugins\org.eclipse.justj.openjdk.hotspot.jre.full.win32.x86_64_17.0.1.v20211116-1657\jre\bin\vcruntime140_1.dll
0x00007ff9bcf30000 - 0x00007ff9bcfc1000 	C:\Users\Wagner\Documents\sts-4.13.0.RELEASE\plugins\org.eclipse.justj.openjdk.hotspot.jre.full.win32.x86_64_17.0.1.v20211116-1657\jre\bin\msvcp140.dll
0x00007ff973990000 - 0x00007ff9745d6000 	C:\Users\Wagner\Documents\sts-4.13.0.RELEASE\plugins\org.eclipse.justj.openjdk.hotspot.jre.full.win32.x86_64_17.0.1.v20211116-1657\jre\bin\server\jvm.dll
0x00007ff9fbd20000 - 0x00007ff9fbdce000 	C:\WINDOWS\System32\ADVAPI32.dll
0x00007ff9fd7c0000 - 0x00007ff9fd85c000 	C:\WINDOWS\System32\sechost.dll
0x00007ff9fd860000 - 0x00007ff9fd985000 	C:\WINDOWS\System32\RPCRT4.dll
0x00007ff9fbd10000 - 0x00007ff9fbd18000 	C:\WINDOWS\System32\PSAPI.DLL
0x00007ff9f6510000 - 0x00007ff9f6519000 	C:\WINDOWS\SYSTEM32\WSOCK32.dll
0x00007ff9fdc20000 - 0x00007ff9fdc8b000 	C:\WINDOWS\System32\WS2_32.dll
0x00007ff9ee3d0000 - 0x00007ff9ee3f7000 	C:\WINDOWS\SYSTEM32\WINMM.dll
0x00007ff9f3d90000 - 0x00007ff9f3d9a000 	C:\WINDOWS\SYSTEM32\VERSION.dll
0x00007ff9f91c0000 - 0x00007ff9f91d2000 	C:\WINDOWS\SYSTEM32\kernel.appcore.dll
0x00007ff9e87b0000 - 0x00007ff9e87ba000 	C:\Users\Wagner\Documents\sts-4.13.0.RELEASE\plugins\org.eclipse.justj.openjdk.hotspot.jre.full.win32.x86_64_17.0.1.v20211116-1657\jre\bin\jimage.dll
0x00007ff9e4880000 - 0x00007ff9e4a64000 	C:\WINDOWS\SYSTEM32\DBGHELP.DLL
0x00007ff9f64c0000 - 0x00007ff9f64ec000 	C:\WINDOWS\SYSTEM32\dbgcore.DLL
0x00007ff9fb3e0000 - 0x00007ff9fb462000 	C:\WINDOWS\System32\bcryptPrimitives.dll
0x00007ff9e6440000 - 0x00007ff9e6465000 	C:\Users\Wagner\Documents\sts-4.13.0.RELEASE\plugins\org.eclipse.justj.openjdk.hotspot.jre.full.win32.x86_64_17.0.1.v20211116-1657\jre\bin\java.dll
0x00007ff9e6740000 - 0x00007ff9e6758000 	C:\Users\Wagner\Documents\sts-4.13.0.RELEASE\plugins\org.eclipse.justj.openjdk.hotspot.jre.full.win32.x86_64_17.0.1.v20211116-1657\jre\bin\zip.dll
0x00007ff9fc7d0000 - 0x00007ff9fcf14000 	C:\WINDOWS\System32\SHELL32.dll
0x00007ff9f94d0000 - 0x00007ff9f9c65000 	C:\WINDOWS\SYSTEM32\windows.storage.dll
0x00007ff9fd2e0000 - 0x00007ff9fd635000 	C:\WINDOWS\System32\combase.dll
0x00007ff9fad60000 - 0x00007ff9fad8e000 	C:\WINDOWS\SYSTEM32\Wldp.dll
0x00007ff9fda30000 - 0x00007ff9fdadd000 	C:\WINDOWS\System32\SHCORE.dll
0x00007ff9fd760000 - 0x00007ff9fd7b5000 	C:\WINDOWS\System32\shlwapi.dll
0x00007ff9fb320000 - 0x00007ff9fb33f000 	C:\WINDOWS\SYSTEM32\profapi.dll

dbghelp: loaded successfully - version: 4.0.5 - missing functions: none
symbol engine: initialized successfully - sym options: 0x614 - pdb path: .;C:\Users\Wagner\Documents\sts-4.13.0.RELEASE\plugins\org.eclipse.justj.openjdk.hotspot.jre.full.win32.x86_64_17.0.1.v20211116-1657\jre\bin;C:\WINDOWS\SYSTEM32;C:\WINDOWS\WinSxS\amd64_microsoft.windows.common-controls_6595b64144ccf1df_6.0.19041.1110_none_60b5254171f9507e;C:\Users\Wagner\Documents\sts-4.13.0.RELEASE\plugins\org.eclipse.justj.openjdk.hotspot.jre.full.win32.x86_64_17.0.1.v20211116-1657\jre\bin\server

VM Arguments:
jvm_args: -Dfile.encoding=Cp1252 -XX:+ShowCodeDetailsInExceptionMessages 
java_command: exercicio1_aula13.Main
java_class_path (initial): C:\Users\Wagner\Desktop\CitiitExperts\cursoJava\exercicio1_aula13\bin
Launcher Type: SUN_STANDARD

[Global flags]
     intx CICompilerCount                          = 3                                         {product} {ergonomic}
     uint ConcGCThreads                            = 1                                         {product} {ergonomic}
     uint G1ConcRefinementThreads                  = 4                                         {product} {ergonomic}
   size_t G1HeapRegionSize                         = 1048576                                   {product} {ergonomic}
    uintx GCDrainStackTargetSize                   = 64                                        {product} {ergonomic}
   size_t InitialHeapSize                          = 134217728                                 {product} {ergonomic}
   size_t MarkStackSize                            = 4194304                                   {product} {ergonomic}
   size_t MaxHeapSize                              = 2116026368                                {product} {ergonomic}
   size_t MaxNewSize                               = 1268776960                                {product} {ergonomic}
   size_t MinHeapDeltaBytes                        = 1048576                                   {product} {ergonomic}
   size_t MinHeapSize                              = 8388608                                   {product} {ergonomic}
    uintx NonNMethodCodeHeapSize                   = 5832780                                {pd product} {ergonomic}
    uintx NonProfiledCodeHeapSize                  = 122912730                              {pd product} {ergonomic}
    uintx ProfiledCodeHeapSize                     = 122912730                              {pd product} {ergonomic}
    uintx ReservedCodeCacheSize                    = 251658240                              {pd product} {ergonomic}
     bool SegmentedCodeCache                       = true                                      {product} {ergonomic}
     bool ShowCodeDetailsInExceptionMessages       = true                                   {manageable} {command line}
   size_t SoftMaxHeapSize                          = 2116026368                             {manageable} {ergonomic}
     bool UseCompressedClassPointers               = true                           {product lp64_product} {ergonomic}
     bool UseCompressedOops                        = true                           {product lp64_product} {ergonomic}
     bool UseG1GC                                  = true                                      {product} {ergonomic}
     bool UseLargePagesIndividualAllocation        = false                                  {pd product} {ergonomic}

Logging:
Log output configuration:
 #0: stdout all=warning uptime,level,tags
 #1: stderr all=off uptime,level,tags

Environment Variables:
JAVA_HOME=C:\Program Files\Java\jdk-11.0.13
CLASSPATH=C:\apache-tomcat-8.5.15\lib
PATH=C:/Users/Wagner/Documents/sts-4.13.0.RELEASE//plugins/org.eclipse.justj.openjdk.hotspot.jre.full.win32.x86_64_17.0.1.v20211116-1657/jre/bin/server;C:/Users/Wagner/Documents/sts-4.13.0.RELEASE//plugins/org.eclipse.justj.openjdk.hotspot.jre.full.win32.x86_64_17.0.1.v20211116-1657/jre/bin;C:\Program Files\Common Files\Oracle\Java\javapath;C:\Python310\Scripts\;C:\Python310\;C:\ProgramData\Oracle\Java\javapath;C:\Program Files (x86)\Intel\Intel(R) Management Engine Components\iCLS\;C:\Program Files\Intel\Intel(R) Management Engine Components\iCLS\;C:\WINDOWS\system32;C:\WINDOWS;C:\WINDOWS\System32\Wbem;C:\WINDOWS\System32\WindowsPowerShell\v1.0\;C:\Program Files (x86)\Intel\Intel(R) Management Engine Components\DAL;C:\Program Files\Intel\Intel(R) Management Engine Components\DAL;C:\Program Files (x86)\Intel\Intel(R) Management Engine Components\IPT;C:\Program Files\Intel\Intel(R) Management Engine Components\IPT;C:\Program Files\Java\jdk1.8.0_161\bin;C:\WINDOWS\System32\OpenSSH\;C:\Program Files\PuTTY\;C:\ProgramData\chocolatey\bin;C:\Program Files\nodejs\;C:\Program Files\Git\cmd;C:\Program Files\dotnet\;C:\Program Files\Java\jdk-11.0.13\bin;C:\Users\Wagner\AppData\Local\Microsoft\WindowsApps;;C:\Microsoft VS Code\bin;C:\Users\Wagner\AppData\Roaming\npm;C:\Users\Wagner\.dotnet\tools;C:\Users\Wagner\Documents\sts-4.13.0.RELEASE;
USERNAME=Fabiana
OS=Windows_NT
PROCESSOR_IDENTIFIER=Intel64 Family 6 Model 142 Stepping 9, GenuineIntel



---------------  S Y S T E M  ---------------

OS:
 Windows 10 , 64 bit Build 19041 (10.0.19041.1466)
OS uptime: 1 days 3:53 hours

CPU: total 4 (initial active 4) (2 cores per cpu, 2 threads per core) family 6 model 142 stepping 9 microcode 0xb4, cx8, cmov, fxsr, ht, mmx, 3dnowpref, sse, sse2, sse3, ssse3, sse4.1, sse4.2, popcnt, lzcnt, tsc, tscinvbit, avx, avx2, aes, erms, clmul, bmi1, bmi2, adx, fma, vzeroupper, clflush, clflushopt

Memory: 4k page, system-wide physical 8070M (1012M free)
TotalPageFile size 17798M (AvailPageFile size 4319M)
current process WorkingSet (physical memory assigned to process): 46M, peak: 46M
current process commit charge ("private bytes"): 208M, peak: 208M

vm_info: OpenJDK 64-Bit Server VM (17.0.1+12) for windows-amd64 JRE (17.0.1+12), built on Oct 20 2021 07:42:55 by "" with MS VC++ 16.7 (VS2019)

END.
